<?xml version="1.0" encoding="UTF-8" ?>
<testsuite tests="30" failures="1" name="TestSuite" time="768.694" errors="0" skipped="0">
  <properties>
[...]
</properties>
  <testcase classname="com.yourcompany.Tests.PAOIEndpointTest" name="verifyPAOIEndpointTest" time="11.931"/>
  <testcase classname="com.yourcompany.Tests.PAOIEndpointTest" name="verifyPAOIEndpointTest" time="12.874"/>
  <testcase classname="com.yourcompany.Tests.PAOIEndpointTest" name="verifyPAOIEndpointTest" time="12.879"/>
  <testcase classname="com.yourcompany.Tests.PAOIEndpointTest" name="verifyPAOIEndpointTest" time="13.166"/>
  <testcase classname="com.yourcompany.Tests.PAOIEndpointTest" name="verifyPAOIEndpointTest" time="13.216"/>
  <testcase classname="com.yourcompany.Tests.PAOIEndpointTest" name="verifyPAOIEndpointTest" time="13.504"/>
  <testcase classname="com.yourcompany.Tests.PAOIEndpointTest" name="verifyPAOIEndpointTest" time="16.443"/>
  <testcase classname="com.yourcompany.Tests.FollowLinkTest" name="verifyContactLinkTest" time="16.827"/>
  <testcase classname="com.yourcompany.Tests.FollowLinkTest" name="verifyContactLinkTest" time="18.578"/>
  <testcase classname="com.yourcompany.Tests.PAOIEndpointTest" name="verifyPAOIEndpointTest" time="19.103"/>
  <testcase classname="com.yourcompany.Tests.FollowLinkTest" name="verifyContactLinkTest" time="19.366"/>
  <testcase classname="com.yourcompany.Tests.FollowLinkTest" name="verifyContactLinkTest" time="20.835"/>
  <testcase classname="com.yourcompany.Tests.ContactFormTest" name="contactFormTest" time="21.168">
    <failure message="element click intercepted: Element &lt;button id=&quot;_evidon-accept-button&quot; class=&quot;evidon-banner-acceptbutton&quot; tabindex=&quot;0&quot; style=&quot;position: absolute; right: 18px; top: 27%; display: inline-block; border: 0px; background: rgb(85, 182, 110); color: rgb(255, 255, 255); padding: 10px 12px; cursor: pointer; border-radius: 25px; width: auto; margin: 0px auto; font-size: 16px; text-transform: uppercase; font-weight: bold;&quot;&gt;...&lt;/button&gt; is not clickable at point (943, 585). Other element would receive the click: &lt;iframe id=&quot;drift-widget&quot; src=&quot;https://js.driftt.com/deploy/assets/index.html&quot; title=&quot;Drift Messenger&quot; role=&quot;complementary&quot; style=&quot;border: none; display: block; height: 100px !important; width: 456px !important; position: fixed; top: auto; left: auto; bottom: 24px; right: 24px; visibility: visible; z-index: 2147483647; max-height: 100vh; max-width: 100%; transition: none 0s ease 0s; background: none transparent; opacity: 1; pointer-events: auto; touch-action: auto;&quot; class=&quot;drift-widget-slider&quot; data-gtm-vis-recent-on-screen-2367279_416=&quot;5211&quot; data-gtm-vis-first-on-screen-2367279_416=&quot;5211&quot; data-gtm-vis-total-visible-time-2367279_416=&quot;100&quot; data-gtm-vis-has-fired-2367279_416=&quot;1&quot;&gt;&lt;/iframe&gt;
  (Session info: chrome=81.0.4044.92)
  (Driver info: chromedriver=81.0.4044.69 (6813546031a4bc83f717a2ef7cd4ac6ec1199132-refs/branch-heads/4044@{#776}),platform=Windows NT 10.0.10586 x86_64) (WARNING: The server did not provide any stacktrace information)
Command duration or timeout: 0 milliseconds
Build info: version: &apos;3.11.0&apos;, revision: &apos;e59cfb3&apos;, time: &apos;2018-03-11T20:26:55.152Z&apos;
System info: host: &apos;GC02RH2WYG8WPE&apos;, ip: &apos;192.168.1.107&apos;, os.name: &apos;Mac OS X&apos;, os.arch: &apos;x86_64&apos;, os.version: &apos;10.13.6&apos;, java.version: &apos;13.0.2&apos;
Driver info: org.openqa.selenium.remote.RemoteWebDriver
Capabilities {acceptInsecureCerts: false, acceptSslCerts: false, applicationCacheEnabled: false, browserConnectionEnabled: false, browserName: chrome, chrome: {chromedriverVersion: 81.0.4044.69 (6813546031a4b..., userDataDir: C:\Users\ADMINI~1\AppData\L...}, cssSelectorsEnabled: true, databaseEnabled: false, goog:chromeOptions: {debuggerAddress: localhost:49750}, handlesAlerts: true, hasMetadata: true, hasTouchScreen: false, javascriptEnabled: true, locationContextEnabled: true, mobileEmulationEnabled: false, nativeEvents: true, networkConnectionEnabled: false, pageLoadStrategy: normal, platform: WINDOWS, platformName: WINDOWS, proxy: Proxy(), rotatable: false, setWindowRect: true, strictFileInteractability: false, takesHeapSnapshot: true, takesScreenshot: true, timeouts: {implicit: 0, pageLoad: 300000, script: 30000}, unexpectedAlertBehaviour: ignore, unhandledPromptBehavior: ignore, version: 81.0.4044.92, webStorageEnabled: true, webauthn:virtualAuthenticators: true, webdriver.remote.sessionid: b019e485095143b5ad60ba4b631...}
Session ID: b019e485095143b5ad60ba4b631c70fe" type="org.openqa.selenium.ElementClickInterceptedException">org.openqa.selenium.ElementClickInterceptedException: element click intercepted: Element &lt;button id=&quot;_evidon-accept-button&quot; class=&quot;evidon-banner-acceptbutton&quot; tabindex=&quot;0&quot; style=&quot;position: absolute; right: 18px; top: 27%; display: inline-block; border: 0px; background: rgb(85, 182, 110); color: rgb(255, 255, 255); padding: 10px 12px; cursor: pointer; border-radius: 25px; width: auto; margin: 0px auto; font-size: 16px; text-transform: uppercase; font-weight: bold;&quot;&gt;...&lt;/button&gt; is not clickable at point (943, 585). Other element would receive the click: &lt;iframe id=&quot;drift-widget&quot; src=&quot;https://js.driftt.com/deploy/assets/index.html&quot; title=&quot;Drift Messenger&quot; role=&quot;complementary&quot; style=&quot;border: none; display: block; height: 100px !important; width: 456px !important; position: fixed; top: auto; left: auto; bottom: 24px; right: 24px; visibility: visible; z-index: 2147483647; max-height: 100vh; max-width: 100%; transition: none 0s ease 0s; background: none transparent; opacity: 1; pointer-events: auto; touch-action: auto;&quot; class=&quot;drift-widget-slider&quot; data-gtm-vis-recent-on-screen-2367279_416=&quot;5211&quot; data-gtm-vis-first-on-screen-2367279_416=&quot;5211&quot; data-gtm-vis-total-visible-time-2367279_416=&quot;100&quot; data-gtm-vis-has-fired-2367279_416=&quot;1&quot;&gt;&lt;/iframe&gt;
  (Session info: chrome=81.0.4044.92)
  (Driver info: chromedriver=81.0.4044.69 (6813546031a4bc83f717a2ef7cd4ac6ec1199132-refs/branch-heads/4044@{#776}),platform=Windows NT 10.0.10586 x86_64) (WARNING: The server did not provide any stacktrace information)
Command duration or timeout: 0 milliseconds
Build info: version: &apos;3.11.0&apos;, revision: &apos;e59cfb3&apos;, time: &apos;2018-03-11T20:26:55.152Z&apos;
System info: host: &apos;GC02RH2WYG8WPE&apos;, ip: &apos;192.168.1.107&apos;, os.name: &apos;Mac OS X&apos;, os.arch: &apos;x86_64&apos;, os.version: &apos;10.13.6&apos;, java.version: &apos;13.0.2&apos;
Driver info: org.openqa.selenium.remote.RemoteWebDriver
Capabilities {acceptInsecureCerts: false, acceptSslCerts: false, applicationCacheEnabled: false, browserConnectionEnabled: false, browserName: chrome, chrome: {chromedriverVersion: 81.0.4044.69 (6813546031a4b..., userDataDir: C:\Users\ADMINI~1\AppData\L...}, cssSelectorsEnabled: true, databaseEnabled: false, goog:chromeOptions: {debuggerAddress: localhost:49750}, handlesAlerts: true, hasMetadata: true, hasTouchScreen: false, javascriptEnabled: true, locationContextEnabled: true, mobileEmulationEnabled: false, nativeEvents: true, networkConnectionEnabled: false, pageLoadStrategy: normal, platform: WINDOWS, platformName: WINDOWS, proxy: Proxy(), rotatable: false, setWindowRect: true, strictFileInteractability: false, takesHeapSnapshot: true, takesScreenshot: true, timeouts: {implicit: 0, pageLoad: 300000, script: 30000}, unexpectedAlertBehaviour: ignore, unhandledPromptBehavior: ignore, version: 81.0.4044.92, webStorageEnabled: true, webauthn:virtualAuthenticators: true, webdriver.remote.sessionid: b019e485095143b5ad60ba4b631...}
Session ID: b019e485095143b5ad60ba4b631c70fe
	at java.base/jdk.internal.reflect.NativeConstructorAccessorImpl.newInstance0(Native Method)
	at java.base/jdk.internal.reflect.NativeConstructorAccessorImpl.newInstance(NativeConstructorAccessorImpl.java:62)
	at java.base/jdk.internal.reflect.DelegatingConstructorAccessorImpl.newInstance(DelegatingConstructorAccessorImpl.java:45)
	at java.base/java.lang.reflect.Constructor.newInstanceWithCaller(Constructor.java:500)
	at java.base/java.lang.reflect.Constructor.newInstance(Constructor.java:481)
	at org.openqa.selenium.remote.ErrorHandler.createThrowable(ErrorHandler.java:214)
	at org.openqa.selenium.remote.ErrorHandler.throwIfResponseFailed(ErrorHandler.java:166)
	at org.openqa.selenium.remote.http.JsonHttpResponseCodec.reconstructValue(JsonHttpResponseCodec.java:40)
	at org.openqa.selenium.remote.http.AbstractHttpResponseCodec.decode(AbstractHttpResponseCodec.java:80)
	at org.openqa.selenium.remote.http.AbstractHttpResponseCodec.decode(AbstractHttpResponseCodec.java:44)
	at org.openqa.selenium.remote.HttpCommandExecutor.execute(HttpCommandExecutor.java:158)
	at org.openqa.selenium.remote.RemoteWebDriver.execute(RemoteWebDriver.java:545)
	at org.openqa.selenium.remote.RemoteWebElement.execute(RemoteWebElement.java:279)
	at org.openqa.selenium.remote.RemoteWebElement.click(RemoteWebElement.java:83)
	at java.base/jdk.internal.reflect.NativeMethodAccessorImpl.invoke0(Native Method)
	at java.base/jdk.internal.reflect.NativeMethodAccessorImpl.invoke(NativeMethodAccessorImpl.java:62)
	at java.base/jdk.internal.reflect.DelegatingMethodAccessorImpl.invoke(DelegatingMethodAccessorImpl.java:43)
	at java.base/java.lang.reflect.Method.invoke(Method.java:567)
	at org.openqa.selenium.support.pagefactory.internal.LocatingElementHandler.invoke(LocatingElementHandler.java:51)
	at com.sun.proxy.$Proxy9.click(Unknown Source)
	at com.yourcompany.Pages.ContactPage.acceptCookies(ContactPage.java:77)
	at com.yourcompany.Tests.ContactFormTest.contactFormTest(ContactFormTest.java:38)
</failure>
  </testcase>
  <testcase classname="com.yourcompany.Tests.FollowLinkTest" name="verifyContactLinkTest" time="22.557"/>
  <testcase classname="com.yourcompany.Tests.PAOIEndpointTest" name="verifyPAOIEndpointTest" time="22.692"/>
  <testcase classname="com.yourcompany.Tests.PAOIEndpointTest" name="verifyPAOIEndpointTest" time="22.933"/>
  <testcase classname="com.yourcompany.Tests.FollowLinkTest" name="verifyContactLinkTest" time="24.079"/>
  <testcase classname="com.yourcompany.Tests.FollowLinkTest" name="verifyContactLinkTest" time="25.667"/>
  <testcase classname="com.yourcompany.Tests.FollowLinkTest" name="verifyContactLinkTest" time="26.728"/>
  <testcase classname="com.yourcompany.Tests.FollowLinkTest" name="verifyContactLinkTest" time="30.039"/>
  <testcase classname="com.yourcompany.Tests.FollowLinkTest" name="verifyContactLinkTest" time="30.765"/>
  <testcase classname="com.yourcompany.Tests.ContactFormTest" name="contactFormTest" time="31.791"/>
  <testcase classname="com.yourcompany.Tests.ContactFormTest" name="contactFormTest" time="34.84"/>
  <testcase classname="com.yourcompany.Tests.ContactFormTest" name="contactFormTest" time="37.887"/>
  <testcase classname="com.yourcompany.Tests.ContactFormTest" name="contactFormTest" time="37.972"/>
  <testcase classname="com.yourcompany.Tests.ContactFormTest" name="contactFormTest" time="38.186"/>
  <testcase classname="com.yourcompany.Tests.ContactFormTest" name="contactFormTest" time="42.564"/>
  <testcase classname="com.yourcompany.Tests.ContactFormTest" name="contactFormTest" time="42.604"/>
  <testcase classname="com.yourcompany.Tests.ContactFormTest" name="contactFormTest" time="43.196"/>
  <testcase classname="com.yourcompany.Tests.ContactFormTest" name="contactFormTest" time="44.304"/>
</testsuite>