-------------------------------------------------------------------------------
Test set: TestSuite
-------------------------------------------------------------------------------
Tests run: 30, Failures: 1, Errors: 0, Skipped: 0, Time elapsed: 45.355 sec <<< FAILURE!
contactFormTest(com.yourcompany.Tests.ContactFormTest)  Time elapsed: 21.168 sec  <<< FAILURE!
org.openqa.selenium.ElementClickInterceptedException: element click intercepted: Element <button id="_evidon-accept-button" class="evidon-banner-acceptbutton" tabindex="0" style="position: absolute; right: 18px; top: 27%; display: inline-block; border: 0px; background: rgb(85, 182, 110); color: rgb(255, 255, 255); padding: 10px 12px; cursor: pointer; border-radius: 25px; width: auto; margin: 0px auto; font-size: 16px; text-transform: uppercase; font-weight: bold;">...</button> is not clickable at point (943, 585). Other element would receive the click: <iframe id="drift-widget" src="https://js.driftt.com/deploy/assets/index.html" title="Drift Messenger" role="complementary" style="border: none; display: block; height: 100px !important; width: 456px !important; position: fixed; top: auto; left: auto; bottom: 24px; right: 24px; visibility: visible; z-index: 2147483647; max-height: 100vh; max-width: 100%; transition: none 0s ease 0s; background: none transparent; opacity: 1; pointer-events: auto; touch-action: auto;" class="drift-widget-slider" data-gtm-vis-recent-on-screen-2367279_416="5211" data-gtm-vis-first-on-screen-2367279_416="5211" data-gtm-vis-total-visible-time-2367279_416="100" data-gtm-vis-has-fired-2367279_416="1"></iframe>
  (Session info: chrome=81.0.4044.92)
  (Driver info: chromedriver=81.0.4044.69 (6813546031a4bc83f717a2ef7cd4ac6ec1199132-refs/branch-heads/4044@{#776}),platform=Windows NT 10.0.10586 x86_64) (WARNING: The server did not provide any stacktrace information)
Command duration or timeout: 0 milliseconds
Build info: version: '3.11.0', revision: 'e59cfb3', time: '2018-03-11T20:26:55.152Z'
System info: host: 'GC02RH2WYG8WPE', ip: '192.168.1.107', os.name: 'Mac OS X', os.arch: 'x86_64', os.version: '10.13.6', java.version: '13.0.2'
Driver info: org.openqa.selenium.remote.RemoteWebDriver
Capabilities {acceptInsecureCerts: false, acceptSslCerts: false, applicationCacheEnabled: false, browserConnectionEnabled: false, browserName: chrome, chrome: {chromedriverVersion: 81.0.4044.69 (6813546031a4b..., userDataDir: C:\Users\ADMINI~1\AppData\L...}, cssSelectorsEnabled: true, databaseEnabled: false, goog:chromeOptions: {debuggerAddress: localhost:49750}, handlesAlerts: true, hasMetadata: true, hasTouchScreen: false, javascriptEnabled: true, locationContextEnabled: true, mobileEmulationEnabled: false, nativeEvents: true, networkConnectionEnabled: false, pageLoadStrategy: normal, platform: WINDOWS, platformName: WINDOWS, proxy: Proxy(), rotatable: false, setWindowRect: true, strictFileInteractability: false, takesHeapSnapshot: true, takesScreenshot: true, timeouts: {implicit: 0, pageLoad: 300000, script: 30000}, unexpectedAlertBehaviour: ignore, unhandledPromptBehavior: ignore, version: 81.0.4044.92, webStorageEnabled: true, webauthn:virtualAuthenticators: true, webdriver.remote.sessionid: b019e485095143b5ad60ba4b631...}
Session ID: b019e485095143b5ad60ba4b631c70fe
	at java.base/jdk.internal.reflect.NativeConstructorAccessorImpl.newInstance0(Native Method)
	at java.base/jdk.internal.reflect.NativeConstructorAccessorImpl.newInstance(NativeConstructorAccessorImpl.java:62)
	at java.base/jdk.internal.reflect.DelegatingConstructorAccessorImpl.newInstance(DelegatingConstructorAccessorImpl.java:45)
	at java.base/java.lang.reflect.Constructor.newInstanceWithCaller(Constructor.java:500)
	at java.base/java.lang.reflect.Constructor.newInstance(Constructor.java:481)
	at org.openqa.selenium.remote.ErrorHandler.createThrowable(ErrorHandler.java:214)
	at org.openqa.selenium.remote.ErrorHandler.throwIfResponseFailed(ErrorHandler.java:166)
	at org.openqa.selenium.remote.http.JsonHttpResponseCodec.reconstructValue(JsonHttpResponseCodec.java:40)
	at org.openqa.selenium.remote.http.AbstractHttpResponseCodec.decode(AbstractHttpResponseCodec.java:80)
	at org.openqa.selenium.remote.http.AbstractHttpResponseCodec.decode(AbstractHttpResponseCodec.java:44)
	at org.openqa.selenium.remote.HttpCommandExecutor.execute(HttpCommandExecutor.java:158)
	at org.openqa.selenium.remote.RemoteWebDriver.execute(RemoteWebDriver.java:545)
	at org.openqa.selenium.remote.RemoteWebElement.execute(RemoteWebElement.java:279)
	at org.openqa.selenium.remote.RemoteWebElement.click(RemoteWebElement.java:83)
	at java.base/jdk.internal.reflect.NativeMethodAccessorImpl.invoke0(Native Method)
	at java.base/jdk.internal.reflect.NativeMethodAccessorImpl.invoke(NativeMethodAccessorImpl.java:62)
	at java.base/jdk.internal.reflect.DelegatingMethodAccessorImpl.invoke(DelegatingMethodAccessorImpl.java:43)
	at java.base/java.lang.reflect.Method.invoke(Method.java:567)
	at org.openqa.selenium.support.pagefactory.internal.LocatingElementHandler.invoke(LocatingElementHandler.java:51)
	at com.sun.proxy.$Proxy9.click(Unknown Source)
	at com.yourcompany.Pages.ContactPage.acceptCookies(ContactPage.java:77)
	at com.yourcompany.Tests.ContactFormTest.contactFormTest(ContactFormTest.java:38)

