-------------------------------------------------------------------------------
Test set: TestSuite
-------------------------------------------------------------------------------
Tests run: 60, Failures: 31, Errors: 0, Skipped: 29, Time elapsed: 7.037 sec <<< FAILURE!
contactFormTest(com.yourcompany.Tests.ContactFormTest)  Time elapsed: 3.28 sec  <<< FAILURE!
org.openqa.selenium.WebDriverException: Unable to parse remote response: Misconfigured -- Sauce Labs Authentication Error.
You used username 'null' and access key 'null' to authenticate, which are not valid Sauce Labs credentials.
The following desired capabilities were received:
{'browserName': 'firefox',
 'name': 'contactFormTest',
 'platform': 'WIN10',
 'version': 'latest'}
Build info: version: '3.11.0', revision: 'e59cfb3', time: '2018-03-11T20:26:55.152Z'
System info: host: 'GC02RH2WYG8WPE', ip: '192.168.1.107', os.name: 'Mac OS X', os.arch: 'x86_64', os.version: '10.13.6', java.version: '13.0.2'
Driver info: driver.version: RemoteWebDriver
	at org.openqa.selenium.remote.ProtocolHandshake.createSession(ProtocolHandshake.java:111)
	at org.openqa.selenium.remote.ProtocolHandshake.createSession(ProtocolHandshake.java:73)
	at org.openqa.selenium.remote.HttpCommandExecutor.execute(HttpCommandExecutor.java:136)
	at org.openqa.selenium.remote.RemoteWebDriver.execute(RemoteWebDriver.java:545)
	at org.openqa.selenium.remote.RemoteWebDriver.startSession(RemoteWebDriver.java:209)
	at org.openqa.selenium.remote.RemoteWebDriver.<init>(RemoteWebDriver.java:132)
	at org.openqa.selenium.remote.RemoteWebDriver.<init>(RemoteWebDriver.java:145)
	at com.yourcompany.Tests.TestBase.createDriver(TestBase.java:116)
	at com.yourcompany.Tests.ContactFormTest.contactFormTest(ContactFormTest.java:28)

tearDown(com.yourcompany.Tests.ContactFormTest)  Time elapsed: 3.28 sec  <<< FAILURE!
java.lang.NullPointerException
	at com.yourcompany.Tests.TestBase.tearDown(TestBase.java:133)
	at java.base/jdk.internal.reflect.NativeMethodAccessorImpl.invoke0(Native Method)
	at java.base/jdk.internal.reflect.NativeMethodAccessorImpl.invoke(NativeMethodAccessorImpl.java:62)
	at java.base/jdk.internal.reflect.DelegatingMethodAccessorImpl.invoke(DelegatingMethodAccessorImpl.java:43)
	at java.base/java.lang.reflect.Method.invoke(Method.java:567)
	at org.testng.internal.MethodInvocationHelper.invokeMethod(MethodInvocationHelper.java:104)
	at org.testng.internal.Invoker.invokeConfigurationMethod(Invoker.java:515)
	at org.testng.internal.Invoker.invokeConfigurations(Invoker.java:217)
	at org.testng.internal.Invoker.invokeMethod(Invoker.java:712)
	at org.testng.internal.Invoker.invokeTestMethod(Invoker.java:851)
	at org.testng.internal.TestMethodWithDataProviderMethodWorker.call(TestMethodWithDataProviderMethodWorker.java:75)
	at org.testng.internal.TestMethodWithDataProviderMethodWorker.call(TestMethodWithDataProviderMethodWorker.java:14)
	at java.base/java.util.concurrent.FutureTask.run(FutureTask.java:264)
	at java.base/java.util.concurrent.Executors$RunnableAdapter.call(Executors.java:515)
	at java.base/java.util.concurrent.FutureTask.run(FutureTask.java:264)
	at java.base/java.util.concurrent.ThreadPoolExecutor.runWorker(ThreadPoolExecutor.java:1128)
	at java.base/java.util.concurrent.ThreadPoolExecutor$Worker.run(ThreadPoolExecutor.java:628)
	at java.base/java.lang.Thread.run(Thread.java:830)

contactFormTest(com.yourcompany.Tests.ContactFormTest)  Time elapsed: 3.319 sec  <<< FAILURE!
org.openqa.selenium.WebDriverException: Unable to parse remote response: Misconfigured -- Sauce Labs Authentication Error.
You used username 'null' and access key 'null' to authenticate, which are not valid Sauce Labs credentials.
The following desired capabilities were received:
{'browserName': 'chrome',
 'name': 'contactFormTest',
 'platform': 'macOS 10.15',
 'version': 'latest-1'}
Build info: version: '3.11.0', revision: 'e59cfb3', time: '2018-03-11T20:26:55.152Z'
System info: host: 'GC02RH2WYG8WPE', ip: '192.168.1.107', os.name: 'Mac OS X', os.arch: 'x86_64', os.version: '10.13.6', java.version: '13.0.2'
Driver info: driver.version: RemoteWebDriver
	at org.openqa.selenium.remote.ProtocolHandshake.createSession(ProtocolHandshake.java:111)
	at org.openqa.selenium.remote.ProtocolHandshake.createSession(ProtocolHandshake.java:73)
	at org.openqa.selenium.remote.HttpCommandExecutor.execute(HttpCommandExecutor.java:136)
	at org.openqa.selenium.remote.RemoteWebDriver.execute(RemoteWebDriver.java:545)
	at org.openqa.selenium.remote.RemoteWebDriver.startSession(RemoteWebDriver.java:209)
	at org.openqa.selenium.remote.RemoteWebDriver.<init>(RemoteWebDriver.java:132)
	at org.openqa.selenium.remote.RemoteWebDriver.<init>(RemoteWebDriver.java:145)
	at com.yourcompany.Tests.TestBase.createDriver(TestBase.java:116)
	at com.yourcompany.Tests.ContactFormTest.contactFormTest(ContactFormTest.java:28)

verifyPAOIEndpointTest(com.yourcompany.Tests.PAOIEndpointTest)  Time elapsed: 3.32 sec  <<< FAILURE!
org.openqa.selenium.WebDriverException: Unable to parse remote response: Misconfigured -- Sauce Labs Authentication Error.
You used username 'null' and access key 'null' to authenticate, which are not valid Sauce Labs credentials.
The following desired capabilities were received:
{'browserName': 'chrome',
 'name': 'verifyPAOIEndpointTest',
 'platform': 'WIN10',
 'version': 'latest-1'}
Build info: version: '3.11.0', revision: 'e59cfb3', time: '2018-03-11T20:26:55.152Z'
System info: host: 'GC02RH2WYG8WPE', ip: '192.168.1.107', os.name: 'Mac OS X', os.arch: 'x86_64', os.version: '10.13.6', java.version: '13.0.2'
Driver info: driver.version: RemoteWebDriver
	at org.openqa.selenium.remote.ProtocolHandshake.createSession(ProtocolHandshake.java:111)
	at org.openqa.selenium.remote.ProtocolHandshake.createSession(ProtocolHandshake.java:73)
	at org.openqa.selenium.remote.HttpCommandExecutor.execute(HttpCommandExecutor.java:136)
	at org.openqa.selenium.remote.RemoteWebDriver.execute(RemoteWebDriver.java:545)
	at org.openqa.selenium.remote.RemoteWebDriver.startSession(RemoteWebDriver.java:209)
	at org.openqa.selenium.remote.RemoteWebDriver.<init>(RemoteWebDriver.java:132)
	at org.openqa.selenium.remote.RemoteWebDriver.<init>(RemoteWebDriver.java:145)
	at com.yourcompany.Tests.TestBase.createDriver(TestBase.java:116)
	at com.yourcompany.Tests.PAOIEndpointTest.verifyPAOIEndpointTest(PAOIEndpointTest.java:29)

verifyPAOIEndpointTest(com.yourcompany.Tests.PAOIEndpointTest)  Time elapsed: 3.32 sec  <<< FAILURE!
org.openqa.selenium.WebDriverException: Unable to parse remote response: Misconfigured -- Sauce Labs Authentication Error.
You used username 'null' and access key 'null' to authenticate, which are not valid Sauce Labs credentials.
The following desired capabilities were received:
{'browserName': 'MicrosoftEdge',
 'name': 'verifyPAOIEndpointTest',
 'platform': 'WIN10',
 'version': 'latest-1'}
Build info: version: '3.11.0', revision: 'e59cfb3', time: '2018-03-11T20:26:55.152Z'
System info: host: 'GC02RH2WYG8WPE', ip: '192.168.1.107', os.name: 'Mac OS X', os.arch: 'x86_64', os.version: '10.13.6', java.version: '13.0.2'
Driver info: driver.version: RemoteWebDriver
	at org.openqa.selenium.remote.ProtocolHandshake.createSession(ProtocolHandshake.java:111)
	at org.openqa.selenium.remote.ProtocolHandshake.createSession(ProtocolHandshake.java:73)
	at org.openqa.selenium.remote.HttpCommandExecutor.execute(HttpCommandExecutor.java:136)
	at org.openqa.selenium.remote.RemoteWebDriver.execute(RemoteWebDriver.java:545)
	at org.openqa.selenium.remote.RemoteWebDriver.startSession(RemoteWebDriver.java:209)
	at org.openqa.selenium.remote.RemoteWebDriver.<init>(RemoteWebDriver.java:132)
	at org.openqa.selenium.remote.RemoteWebDriver.<init>(RemoteWebDriver.java:145)
	at com.yourcompany.Tests.TestBase.createDriver(TestBase.java:116)
	at com.yourcompany.Tests.PAOIEndpointTest.verifyPAOIEndpointTest(PAOIEndpointTest.java:29)

verifyPAOIEndpointTest(com.yourcompany.Tests.PAOIEndpointTest)  Time elapsed: 3.32 sec  <<< FAILURE!
org.openqa.selenium.WebDriverException: Unable to parse remote response: Misconfigured -- Sauce Labs Authentication Error.
You used username 'null' and access key 'null' to authenticate, which are not valid Sauce Labs credentials.
The following desired capabilities were received:
{'browserName': 'firefox',
 'name': 'verifyPAOIEndpointTest',
 'platform': 'WIN10',
 'version': 'latest'}
Build info: version: '3.11.0', revision: 'e59cfb3', time: '2018-03-11T20:26:55.152Z'
System info: host: 'GC02RH2WYG8WPE', ip: '192.168.1.107', os.name: 'Mac OS X', os.arch: 'x86_64', os.version: '10.13.6', java.version: '13.0.2'
Driver info: driver.version: RemoteWebDriver
	at org.openqa.selenium.remote.ProtocolHandshake.createSession(ProtocolHandshake.java:111)
	at org.openqa.selenium.remote.ProtocolHandshake.createSession(ProtocolHandshake.java:73)
	at org.openqa.selenium.remote.HttpCommandExecutor.execute(HttpCommandExecutor.java:136)
	at org.openqa.selenium.remote.RemoteWebDriver.execute(RemoteWebDriver.java:545)
	at org.openqa.selenium.remote.RemoteWebDriver.startSession(RemoteWebDriver.java:209)
	at org.openqa.selenium.remote.RemoteWebDriver.<init>(RemoteWebDriver.java:132)
	at org.openqa.selenium.remote.RemoteWebDriver.<init>(RemoteWebDriver.java:145)
	at com.yourcompany.Tests.TestBase.createDriver(TestBase.java:116)
	at com.yourcompany.Tests.PAOIEndpointTest.verifyPAOIEndpointTest(PAOIEndpointTest.java:29)

contactFormTest(com.yourcompany.Tests.ContactFormTest)  Time elapsed: 3.32 sec  <<< FAILURE!
org.openqa.selenium.WebDriverException: Unable to parse remote response: Misconfigured -- Sauce Labs Authentication Error.
You used username 'null' and access key 'null' to authenticate, which are not valid Sauce Labs credentials.
The following desired capabilities were received:
{'browserName': 'firefox',
 'name': 'contactFormTest',
 'platform': 'WIN10',
 'version': 'latest-1'}
Build info: version: '3.11.0', revision: 'e59cfb3', time: '2018-03-11T20:26:55.152Z'
System info: host: 'GC02RH2WYG8WPE', ip: '192.168.1.107', os.name: 'Mac OS X', os.arch: 'x86_64', os.version: '10.13.6', java.version: '13.0.2'
Driver info: driver.version: RemoteWebDriver
	at org.openqa.selenium.remote.ProtocolHandshake.createSession(ProtocolHandshake.java:111)
	at org.openqa.selenium.remote.ProtocolHandshake.createSession(ProtocolHandshake.java:73)
	at org.openqa.selenium.remote.HttpCommandExecutor.execute(HttpCommandExecutor.java:136)
	at org.openqa.selenium.remote.RemoteWebDriver.execute(RemoteWebDriver.java:545)
	at org.openqa.selenium.remote.RemoteWebDriver.startSession(RemoteWebDriver.java:209)
	at org.openqa.selenium.remote.RemoteWebDriver.<init>(RemoteWebDriver.java:132)
	at org.openqa.selenium.remote.RemoteWebDriver.<init>(RemoteWebDriver.java:145)
	at com.yourcompany.Tests.TestBase.createDriver(TestBase.java:116)
	at com.yourcompany.Tests.ContactFormTest.contactFormTest(ContactFormTest.java:28)

contactFormTest(com.yourcompany.Tests.ContactFormTest)  Time elapsed: 3.322 sec  <<< FAILURE!
org.openqa.selenium.WebDriverException: Unable to parse remote response: Misconfigured -- Sauce Labs Authentication Error.
You used username 'null' and access key 'null' to authenticate, which are not valid Sauce Labs credentials.
The following desired capabilities were received:
{'browserName': 'chrome',
 'name': 'contactFormTest',
 'platform': 'macOS 10.15',
 'version': 'latest'}
Build info: version: '3.11.0', revision: 'e59cfb3', time: '2018-03-11T20:26:55.152Z'
System info: host: 'GC02RH2WYG8WPE', ip: '192.168.1.107', os.name: 'Mac OS X', os.arch: 'x86_64', os.version: '10.13.6', java.version: '13.0.2'
Driver info: driver.version: RemoteWebDriver
	at org.openqa.selenium.remote.ProtocolHandshake.createSession(ProtocolHandshake.java:111)
	at org.openqa.selenium.remote.ProtocolHandshake.createSession(ProtocolHandshake.java:73)
	at org.openqa.selenium.remote.HttpCommandExecutor.execute(HttpCommandExecutor.java:136)
	at org.openqa.selenium.remote.RemoteWebDriver.execute(RemoteWebDriver.java:545)
	at org.openqa.selenium.remote.RemoteWebDriver.startSession(RemoteWebDriver.java:209)
	at org.openqa.selenium.remote.RemoteWebDriver.<init>(RemoteWebDriver.java:132)
	at org.openqa.selenium.remote.RemoteWebDriver.<init>(RemoteWebDriver.java:145)
	at com.yourcompany.Tests.TestBase.createDriver(TestBase.java:116)
	at com.yourcompany.Tests.ContactFormTest.contactFormTest(ContactFormTest.java:28)

contactFormTest(com.yourcompany.Tests.ContactFormTest)  Time elapsed: 3.353 sec  <<< FAILURE!
org.openqa.selenium.WebDriverException: Unable to parse remote response: Misconfigured -- Sauce Labs Authentication Error.
You used username 'null' and access key 'null' to authenticate, which are not valid Sauce Labs credentials.
The following desired capabilities were received:
{'browserName': 'firefox',
 'name': 'contactFormTest',
 'platform': 'macOS 10.15',
 'version': 'latest-1'}
Build info: version: '3.11.0', revision: 'e59cfb3', time: '2018-03-11T20:26:55.152Z'
System info: host: 'GC02RH2WYG8WPE', ip: '192.168.1.107', os.name: 'Mac OS X', os.arch: 'x86_64', os.version: '10.13.6', java.version: '13.0.2'
Driver info: driver.version: RemoteWebDriver
	at org.openqa.selenium.remote.ProtocolHandshake.createSession(ProtocolHandshake.java:111)
	at org.openqa.selenium.remote.ProtocolHandshake.createSession(ProtocolHandshake.java:73)
	at org.openqa.selenium.remote.HttpCommandExecutor.execute(HttpCommandExecutor.java:136)
	at org.openqa.selenium.remote.RemoteWebDriver.execute(RemoteWebDriver.java:545)
	at org.openqa.selenium.remote.RemoteWebDriver.startSession(RemoteWebDriver.java:209)
	at org.openqa.selenium.remote.RemoteWebDriver.<init>(RemoteWebDriver.java:132)
	at org.openqa.selenium.remote.RemoteWebDriver.<init>(RemoteWebDriver.java:145)
	at com.yourcompany.Tests.TestBase.createDriver(TestBase.java:116)
	at com.yourcompany.Tests.ContactFormTest.contactFormTest(ContactFormTest.java:28)

contactFormTest(com.yourcompany.Tests.ContactFormTest)  Time elapsed: 3.355 sec  <<< FAILURE!
org.openqa.selenium.WebDriverException: Unable to parse remote response: Misconfigured -- Sauce Labs Authentication Error.
You used username 'null' and access key 'null' to authenticate, which are not valid Sauce Labs credentials.
The following desired capabilities were received:
{'browserName': 'MicrosoftEdge',
 'name': 'contactFormTest',
 'platform': 'WIN10',
 'version': 'latest'}
Build info: version: '3.11.0', revision: 'e59cfb3', time: '2018-03-11T20:26:55.152Z'
System info: host: 'GC02RH2WYG8WPE', ip: '192.168.1.107', os.name: 'Mac OS X', os.arch: 'x86_64', os.version: '10.13.6', java.version: '13.0.2'
Driver info: driver.version: RemoteWebDriver
	at org.openqa.selenium.remote.ProtocolHandshake.createSession(ProtocolHandshake.java:111)
	at org.openqa.selenium.remote.ProtocolHandshake.createSession(ProtocolHandshake.java:73)
	at org.openqa.selenium.remote.HttpCommandExecutor.execute(HttpCommandExecutor.java:136)
	at org.openqa.selenium.remote.RemoteWebDriver.execute(RemoteWebDriver.java:545)
	at org.openqa.selenium.remote.RemoteWebDriver.startSession(RemoteWebDriver.java:209)
	at org.openqa.selenium.remote.RemoteWebDriver.<init>(RemoteWebDriver.java:132)
	at org.openqa.selenium.remote.RemoteWebDriver.<init>(RemoteWebDriver.java:145)
	at com.yourcompany.Tests.TestBase.createDriver(TestBase.java:116)
	at com.yourcompany.Tests.ContactFormTest.contactFormTest(ContactFormTest.java:28)

verifyContactLinkTest(com.yourcompany.Tests.FollowLinkTest)  Time elapsed: 3.362 sec  <<< FAILURE!
org.openqa.selenium.WebDriverException: Unable to parse remote response: Misconfigured -- Sauce Labs Authentication Error.
You used username 'null' and access key 'null' to authenticate, which are not valid Sauce Labs credentials.
The following desired capabilities were received:
{'browserName': 'chrome',
 'name': 'verifyContactLinkTest',
 'platform': 'macOS 10.15',
 'version': 'latest'}
Build info: version: '3.11.0', revision: 'e59cfb3', time: '2018-03-11T20:26:55.152Z'
System info: host: 'GC02RH2WYG8WPE', ip: '192.168.1.107', os.name: 'Mac OS X', os.arch: 'x86_64', os.version: '10.13.6', java.version: '13.0.2'
Driver info: driver.version: RemoteWebDriver
	at org.openqa.selenium.remote.ProtocolHandshake.createSession(ProtocolHandshake.java:111)
	at org.openqa.selenium.remote.ProtocolHandshake.createSession(ProtocolHandshake.java:73)
	at org.openqa.selenium.remote.HttpCommandExecutor.execute(HttpCommandExecutor.java:136)
	at org.openqa.selenium.remote.RemoteWebDriver.execute(RemoteWebDriver.java:545)
	at org.openqa.selenium.remote.RemoteWebDriver.startSession(RemoteWebDriver.java:209)
	at org.openqa.selenium.remote.RemoteWebDriver.<init>(RemoteWebDriver.java:132)
	at org.openqa.selenium.remote.RemoteWebDriver.<init>(RemoteWebDriver.java:145)
	at com.yourcompany.Tests.TestBase.createDriver(TestBase.java:116)
	at com.yourcompany.Tests.FollowLinkTest.verifyContactLinkTest(FollowLinkTest.java:29)

verifyContactLinkTest(com.yourcompany.Tests.FollowLinkTest)  Time elapsed: 3.367 sec  <<< FAILURE!
org.openqa.selenium.WebDriverException: Unable to parse remote response: Misconfigured -- Sauce Labs Authentication Error.
You used username 'null' and access key 'null' to authenticate, which are not valid Sauce Labs credentials.
The following desired capabilities were received:
{'browserName': 'chrome',
 'name': 'verifyContactLinkTest',
 'platform': 'WIN10',
 'version': 'latest'}
Build info: version: '3.11.0', revision: 'e59cfb3', time: '2018-03-11T20:26:55.152Z'
System info: host: 'GC02RH2WYG8WPE', ip: '192.168.1.107', os.name: 'Mac OS X', os.arch: 'x86_64', os.version: '10.13.6', java.version: '13.0.2'
Driver info: driver.version: RemoteWebDriver
	at org.openqa.selenium.remote.ProtocolHandshake.createSession(ProtocolHandshake.java:111)
	at org.openqa.selenium.remote.ProtocolHandshake.createSession(ProtocolHandshake.java:73)
	at org.openqa.selenium.remote.HttpCommandExecutor.execute(HttpCommandExecutor.java:136)
	at org.openqa.selenium.remote.RemoteWebDriver.execute(RemoteWebDriver.java:545)
	at org.openqa.selenium.remote.RemoteWebDriver.startSession(RemoteWebDriver.java:209)
	at org.openqa.selenium.remote.RemoteWebDriver.<init>(RemoteWebDriver.java:132)
	at org.openqa.selenium.remote.RemoteWebDriver.<init>(RemoteWebDriver.java:145)
	at com.yourcompany.Tests.TestBase.createDriver(TestBase.java:116)
	at com.yourcompany.Tests.FollowLinkTest.verifyContactLinkTest(FollowLinkTest.java:29)

contactFormTest(com.yourcompany.Tests.ContactFormTest)  Time elapsed: 3.376 sec  <<< FAILURE!
org.openqa.selenium.WebDriverException: Unable to parse remote response: Misconfigured -- Sauce Labs Authentication Error.
You used username 'null' and access key 'null' to authenticate, which are not valid Sauce Labs credentials.
The following desired capabilities were received:
{'browserName': 'MicrosoftEdge',
 'name': 'contactFormTest',
 'platform': 'WIN10',
 'version': 'latest-1'}
Build info: version: '3.11.0', revision: 'e59cfb3', time: '2018-03-11T20:26:55.152Z'
System info: host: 'GC02RH2WYG8WPE', ip: '192.168.1.107', os.name: 'Mac OS X', os.arch: 'x86_64', os.version: '10.13.6', java.version: '13.0.2'
Driver info: driver.version: RemoteWebDriver
	at org.openqa.selenium.remote.ProtocolHandshake.createSession(ProtocolHandshake.java:111)
	at org.openqa.selenium.remote.ProtocolHandshake.createSession(ProtocolHandshake.java:73)
	at org.openqa.selenium.remote.HttpCommandExecutor.execute(HttpCommandExecutor.java:136)
	at org.openqa.selenium.remote.RemoteWebDriver.execute(RemoteWebDriver.java:545)
	at org.openqa.selenium.remote.RemoteWebDriver.startSession(RemoteWebDriver.java:209)
	at org.openqa.selenium.remote.RemoteWebDriver.<init>(RemoteWebDriver.java:132)
	at org.openqa.selenium.remote.RemoteWebDriver.<init>(RemoteWebDriver.java:145)
	at com.yourcompany.Tests.TestBase.createDriver(TestBase.java:116)
	at com.yourcompany.Tests.ContactFormTest.contactFormTest(ContactFormTest.java:28)

verifyContactLinkTest(com.yourcompany.Tests.FollowLinkTest)  Time elapsed: 3.378 sec  <<< FAILURE!
org.openqa.selenium.WebDriverException: Unable to parse remote response: Misconfigured -- Sauce Labs Authentication Error.
You used username 'null' and access key 'null' to authenticate, which are not valid Sauce Labs credentials.
The following desired capabilities were received:
{'browserName': 'chrome',
 'name': 'verifyContactLinkTest',
 'platform': 'WIN10',
 'version': 'latest-1'}
Build info: version: '3.11.0', revision: 'e59cfb3', time: '2018-03-11T20:26:55.152Z'
System info: host: 'GC02RH2WYG8WPE', ip: '192.168.1.107', os.name: 'Mac OS X', os.arch: 'x86_64', os.version: '10.13.6', java.version: '13.0.2'
Driver info: driver.version: RemoteWebDriver
	at org.openqa.selenium.remote.ProtocolHandshake.createSession(ProtocolHandshake.java:111)
	at org.openqa.selenium.remote.ProtocolHandshake.createSession(ProtocolHandshake.java:73)
	at org.openqa.selenium.remote.HttpCommandExecutor.execute(HttpCommandExecutor.java:136)
	at org.openqa.selenium.remote.RemoteWebDriver.execute(RemoteWebDriver.java:545)
	at org.openqa.selenium.remote.RemoteWebDriver.startSession(RemoteWebDriver.java:209)
	at org.openqa.selenium.remote.RemoteWebDriver.<init>(RemoteWebDriver.java:132)
	at org.openqa.selenium.remote.RemoteWebDriver.<init>(RemoteWebDriver.java:145)
	at com.yourcompany.Tests.TestBase.createDriver(TestBase.java:116)
	at com.yourcompany.Tests.FollowLinkTest.verifyContactLinkTest(FollowLinkTest.java:29)

verifyPAOIEndpointTest(com.yourcompany.Tests.PAOIEndpointTest)  Time elapsed: 3.379 sec  <<< FAILURE!
org.openqa.selenium.WebDriverException: Unable to parse remote response: Misconfigured -- Sauce Labs Authentication Error.
You used username 'null' and access key 'null' to authenticate, which are not valid Sauce Labs credentials.
The following desired capabilities were received:
{'browserName': 'chrome',
 'name': 'verifyPAOIEndpointTest',
 'platform': 'macOS 10.15',
 'version': 'latest-1'}
Build info: version: '3.11.0', revision: 'e59cfb3', time: '2018-03-11T20:26:55.152Z'
System info: host: 'GC02RH2WYG8WPE', ip: '192.168.1.107', os.name: 'Mac OS X', os.arch: 'x86_64', os.version: '10.13.6', java.version: '13.0.2'
Driver info: driver.version: RemoteWebDriver
	at org.openqa.selenium.remote.ProtocolHandshake.createSession(ProtocolHandshake.java:111)
	at org.openqa.selenium.remote.ProtocolHandshake.createSession(ProtocolHandshake.java:73)
	at org.openqa.selenium.remote.HttpCommandExecutor.execute(HttpCommandExecutor.java:136)
	at org.openqa.selenium.remote.RemoteWebDriver.execute(RemoteWebDriver.java:545)
	at org.openqa.selenium.remote.RemoteWebDriver.startSession(RemoteWebDriver.java:209)
	at org.openqa.selenium.remote.RemoteWebDriver.<init>(RemoteWebDriver.java:132)
	at org.openqa.selenium.remote.RemoteWebDriver.<init>(RemoteWebDriver.java:145)
	at com.yourcompany.Tests.TestBase.createDriver(TestBase.java:116)
	at com.yourcompany.Tests.PAOIEndpointTest.verifyPAOIEndpointTest(PAOIEndpointTest.java:29)

contactFormTest(com.yourcompany.Tests.ContactFormTest)  Time elapsed: 3.379 sec  <<< FAILURE!
org.openqa.selenium.WebDriverException: Unable to parse remote response: Misconfigured -- Sauce Labs Authentication Error.
You used username 'null' and access key 'null' to authenticate, which are not valid Sauce Labs credentials.
The following desired capabilities were received:
{'browserName': 'firefox',
 'name': 'contactFormTest',
 'platform': 'macOS 10.15',
 'version': 'latest'}
Build info: version: '3.11.0', revision: 'e59cfb3', time: '2018-03-11T20:26:55.152Z'
System info: host: 'GC02RH2WYG8WPE', ip: '192.168.1.107', os.name: 'Mac OS X', os.arch: 'x86_64', os.version: '10.13.6', java.version: '13.0.2'
Driver info: driver.version: RemoteWebDriver
	at org.openqa.selenium.remote.ProtocolHandshake.createSession(ProtocolHandshake.java:111)
	at org.openqa.selenium.remote.ProtocolHandshake.createSession(ProtocolHandshake.java:73)
	at org.openqa.selenium.remote.HttpCommandExecutor.execute(HttpCommandExecutor.java:136)
	at org.openqa.selenium.remote.RemoteWebDriver.execute(RemoteWebDriver.java:545)
	at org.openqa.selenium.remote.RemoteWebDriver.startSession(RemoteWebDriver.java:209)
	at org.openqa.selenium.remote.RemoteWebDriver.<init>(RemoteWebDriver.java:132)
	at org.openqa.selenium.remote.RemoteWebDriver.<init>(RemoteWebDriver.java:145)
	at com.yourcompany.Tests.TestBase.createDriver(TestBase.java:116)
	at com.yourcompany.Tests.ContactFormTest.contactFormTest(ContactFormTest.java:28)

verifyContactLinkTest(com.yourcompany.Tests.FollowLinkTest)  Time elapsed: 3.386 sec  <<< FAILURE!
org.openqa.selenium.WebDriverException: Unable to parse remote response: Misconfigured -- Sauce Labs Authentication Error.
You used username 'null' and access key 'null' to authenticate, which are not valid Sauce Labs credentials.
The following desired capabilities were received:
{'browserName': 'firefox',
 'name': 'verifyContactLinkTest',
 'platform': 'macOS 10.15',
 'version': 'latest-1'}
Build info: version: '3.11.0', revision: 'e59cfb3', time: '2018-03-11T20:26:55.152Z'
System info: host: 'GC02RH2WYG8WPE', ip: '192.168.1.107', os.name: 'Mac OS X', os.arch: 'x86_64', os.version: '10.13.6', java.version: '13.0.2'
Driver info: driver.version: RemoteWebDriver
	at org.openqa.selenium.remote.ProtocolHandshake.createSession(ProtocolHandshake.java:111)
	at org.openqa.selenium.remote.ProtocolHandshake.createSession(ProtocolHandshake.java:73)
	at org.openqa.selenium.remote.HttpCommandExecutor.execute(HttpCommandExecutor.java:136)
	at org.openqa.selenium.remote.RemoteWebDriver.execute(RemoteWebDriver.java:545)
	at org.openqa.selenium.remote.RemoteWebDriver.startSession(RemoteWebDriver.java:209)
	at org.openqa.selenium.remote.RemoteWebDriver.<init>(RemoteWebDriver.java:132)
	at org.openqa.selenium.remote.RemoteWebDriver.<init>(RemoteWebDriver.java:145)
	at com.yourcompany.Tests.TestBase.createDriver(TestBase.java:116)
	at com.yourcompany.Tests.FollowLinkTest.verifyContactLinkTest(FollowLinkTest.java:29)

verifyContactLinkTest(com.yourcompany.Tests.FollowLinkTest)  Time elapsed: 3.39 sec  <<< FAILURE!
org.openqa.selenium.WebDriverException: Unable to parse remote response: Misconfigured -- Sauce Labs Authentication Error.
You used username 'null' and access key 'null' to authenticate, which are not valid Sauce Labs credentials.
The following desired capabilities were received:
{'browserName': 'firefox',
 'name': 'verifyContactLinkTest',
 'platform': 'WIN10',
 'version': 'latest'}
Build info: version: '3.11.0', revision: 'e59cfb3', time: '2018-03-11T20:26:55.152Z'
System info: host: 'GC02RH2WYG8WPE', ip: '192.168.1.107', os.name: 'Mac OS X', os.arch: 'x86_64', os.version: '10.13.6', java.version: '13.0.2'
Driver info: driver.version: RemoteWebDriver
	at org.openqa.selenium.remote.ProtocolHandshake.createSession(ProtocolHandshake.java:111)
	at org.openqa.selenium.remote.ProtocolHandshake.createSession(ProtocolHandshake.java:73)
	at org.openqa.selenium.remote.HttpCommandExecutor.execute(HttpCommandExecutor.java:136)
	at org.openqa.selenium.remote.RemoteWebDriver.execute(RemoteWebDriver.java:545)
	at org.openqa.selenium.remote.RemoteWebDriver.startSession(RemoteWebDriver.java:209)
	at org.openqa.selenium.remote.RemoteWebDriver.<init>(RemoteWebDriver.java:132)
	at org.openqa.selenium.remote.RemoteWebDriver.<init>(RemoteWebDriver.java:145)
	at com.yourcompany.Tests.TestBase.createDriver(TestBase.java:116)
	at com.yourcompany.Tests.FollowLinkTest.verifyContactLinkTest(FollowLinkTest.java:29)

verifyContactLinkTest(com.yourcompany.Tests.FollowLinkTest)  Time elapsed: 3.392 sec  <<< FAILURE!
org.openqa.selenium.WebDriverException: Unable to parse remote response: Misconfigured -- Sauce Labs Authentication Error.
You used username 'null' and access key 'null' to authenticate, which are not valid Sauce Labs credentials.
The following desired capabilities were received:
{'browserName': 'chrome',
 'name': 'verifyContactLinkTest',
 'platform': 'macOS 10.15',
 'version': 'latest-1'}
Build info: version: '3.11.0', revision: 'e59cfb3', time: '2018-03-11T20:26:55.152Z'
System info: host: 'GC02RH2WYG8WPE', ip: '192.168.1.107', os.name: 'Mac OS X', os.arch: 'x86_64', os.version: '10.13.6', java.version: '13.0.2'
Driver info: driver.version: RemoteWebDriver
	at org.openqa.selenium.remote.ProtocolHandshake.createSession(ProtocolHandshake.java:111)
	at org.openqa.selenium.remote.ProtocolHandshake.createSession(ProtocolHandshake.java:73)
	at org.openqa.selenium.remote.HttpCommandExecutor.execute(HttpCommandExecutor.java:136)
	at org.openqa.selenium.remote.RemoteWebDriver.execute(RemoteWebDriver.java:545)
	at org.openqa.selenium.remote.RemoteWebDriver.startSession(RemoteWebDriver.java:209)
	at org.openqa.selenium.remote.RemoteWebDriver.<init>(RemoteWebDriver.java:132)
	at org.openqa.selenium.remote.RemoteWebDriver.<init>(RemoteWebDriver.java:145)
	at com.yourcompany.Tests.TestBase.createDriver(TestBase.java:116)
	at com.yourcompany.Tests.FollowLinkTest.verifyContactLinkTest(FollowLinkTest.java:29)

verifyPAOIEndpointTest(com.yourcompany.Tests.PAOIEndpointTest)  Time elapsed: 3.395 sec  <<< FAILURE!
org.openqa.selenium.WebDriverException: Unable to parse remote response: Misconfigured -- Sauce Labs Authentication Error.
You used username 'null' and access key 'null' to authenticate, which are not valid Sauce Labs credentials.
The following desired capabilities were received:
{'browserName': 'firefox',
 'name': 'verifyPAOIEndpointTest',
 'platform': 'macOS 10.15',
 'version': 'latest'}
Build info: version: '3.11.0', revision: 'e59cfb3', time: '2018-03-11T20:26:55.152Z'
System info: host: 'GC02RH2WYG8WPE', ip: '192.168.1.107', os.name: 'Mac OS X', os.arch: 'x86_64', os.version: '10.13.6', java.version: '13.0.2'
Driver info: driver.version: RemoteWebDriver
	at org.openqa.selenium.remote.ProtocolHandshake.createSession(ProtocolHandshake.java:111)
	at org.openqa.selenium.remote.ProtocolHandshake.createSession(ProtocolHandshake.java:73)
	at org.openqa.selenium.remote.HttpCommandExecutor.execute(HttpCommandExecutor.java:136)
	at org.openqa.selenium.remote.RemoteWebDriver.execute(RemoteWebDriver.java:545)
	at org.openqa.selenium.remote.RemoteWebDriver.startSession(RemoteWebDriver.java:209)
	at org.openqa.selenium.remote.RemoteWebDriver.<init>(RemoteWebDriver.java:132)
	at org.openqa.selenium.remote.RemoteWebDriver.<init>(RemoteWebDriver.java:145)
	at com.yourcompany.Tests.TestBase.createDriver(TestBase.java:116)
	at com.yourcompany.Tests.PAOIEndpointTest.verifyPAOIEndpointTest(PAOIEndpointTest.java:29)

contactFormTest(com.yourcompany.Tests.ContactFormTest)  Time elapsed: 3.402 sec  <<< FAILURE!
org.openqa.selenium.WebDriverException: Unable to parse remote response: Misconfigured -- Sauce Labs Authentication Error.
You used username 'null' and access key 'null' to authenticate, which are not valid Sauce Labs credentials.
The following desired capabilities were received:
{'browserName': 'chrome',
 'name': 'contactFormTest',
 'platform': 'WIN10',
 'version': 'latest'}
Build info: version: '3.11.0', revision: 'e59cfb3', time: '2018-03-11T20:26:55.152Z'
System info: host: 'GC02RH2WYG8WPE', ip: '192.168.1.107', os.name: 'Mac OS X', os.arch: 'x86_64', os.version: '10.13.6', java.version: '13.0.2'
Driver info: driver.version: RemoteWebDriver
	at org.openqa.selenium.remote.ProtocolHandshake.createSession(ProtocolHandshake.java:111)
	at org.openqa.selenium.remote.ProtocolHandshake.createSession(ProtocolHandshake.java:73)
	at org.openqa.selenium.remote.HttpCommandExecutor.execute(HttpCommandExecutor.java:136)
	at org.openqa.selenium.remote.RemoteWebDriver.execute(RemoteWebDriver.java:545)
	at org.openqa.selenium.remote.RemoteWebDriver.startSession(RemoteWebDriver.java:209)
	at org.openqa.selenium.remote.RemoteWebDriver.<init>(RemoteWebDriver.java:132)
	at org.openqa.selenium.remote.RemoteWebDriver.<init>(RemoteWebDriver.java:145)
	at com.yourcompany.Tests.TestBase.createDriver(TestBase.java:116)
	at com.yourcompany.Tests.ContactFormTest.contactFormTest(ContactFormTest.java:28)

verifyPAOIEndpointTest(com.yourcompany.Tests.PAOIEndpointTest)  Time elapsed: 3.403 sec  <<< FAILURE!
org.openqa.selenium.WebDriverException: Unable to parse remote response: Misconfigured -- Sauce Labs Authentication Error.
You used username 'null' and access key 'null' to authenticate, which are not valid Sauce Labs credentials.
The following desired capabilities were received:
{'browserName': 'firefox',
 'name': 'verifyPAOIEndpointTest',
 'platform': 'macOS 10.15',
 'version': 'latest-1'}
Build info: version: '3.11.0', revision: 'e59cfb3', time: '2018-03-11T20:26:55.152Z'
System info: host: 'GC02RH2WYG8WPE', ip: '192.168.1.107', os.name: 'Mac OS X', os.arch: 'x86_64', os.version: '10.13.6', java.version: '13.0.2'
Driver info: driver.version: RemoteWebDriver
	at org.openqa.selenium.remote.ProtocolHandshake.createSession(ProtocolHandshake.java:111)
	at org.openqa.selenium.remote.ProtocolHandshake.createSession(ProtocolHandshake.java:73)
	at org.openqa.selenium.remote.HttpCommandExecutor.execute(HttpCommandExecutor.java:136)
	at org.openqa.selenium.remote.RemoteWebDriver.execute(RemoteWebDriver.java:545)
	at org.openqa.selenium.remote.RemoteWebDriver.startSession(RemoteWebDriver.java:209)
	at org.openqa.selenium.remote.RemoteWebDriver.<init>(RemoteWebDriver.java:132)
	at org.openqa.selenium.remote.RemoteWebDriver.<init>(RemoteWebDriver.java:145)
	at com.yourcompany.Tests.TestBase.createDriver(TestBase.java:116)
	at com.yourcompany.Tests.PAOIEndpointTest.verifyPAOIEndpointTest(PAOIEndpointTest.java:29)

verifyContactLinkTest(com.yourcompany.Tests.FollowLinkTest)  Time elapsed: 3.404 sec  <<< FAILURE!
org.openqa.selenium.WebDriverException: Unable to parse remote response: Misconfigured -- Sauce Labs Authentication Error.
You used username 'null' and access key 'null' to authenticate, which are not valid Sauce Labs credentials.
The following desired capabilities were received:
{'browserName': 'MicrosoftEdge',
 'name': 'verifyContactLinkTest',
 'platform': 'WIN10',
 'version': 'latest'}
Build info: version: '3.11.0', revision: 'e59cfb3', time: '2018-03-11T20:26:55.152Z'
System info: host: 'GC02RH2WYG8WPE', ip: '192.168.1.107', os.name: 'Mac OS X', os.arch: 'x86_64', os.version: '10.13.6', java.version: '13.0.2'
Driver info: driver.version: RemoteWebDriver
	at org.openqa.selenium.remote.ProtocolHandshake.createSession(ProtocolHandshake.java:111)
	at org.openqa.selenium.remote.ProtocolHandshake.createSession(ProtocolHandshake.java:73)
	at org.openqa.selenium.remote.HttpCommandExecutor.execute(HttpCommandExecutor.java:136)
	at org.openqa.selenium.remote.RemoteWebDriver.execute(RemoteWebDriver.java:545)
	at org.openqa.selenium.remote.RemoteWebDriver.startSession(RemoteWebDriver.java:209)
	at org.openqa.selenium.remote.RemoteWebDriver.<init>(RemoteWebDriver.java:132)
	at org.openqa.selenium.remote.RemoteWebDriver.<init>(RemoteWebDriver.java:145)
	at com.yourcompany.Tests.TestBase.createDriver(TestBase.java:116)
	at com.yourcompany.Tests.FollowLinkTest.verifyContactLinkTest(FollowLinkTest.java:29)

verifyContactLinkTest(com.yourcompany.Tests.FollowLinkTest)  Time elapsed: 3.411 sec  <<< FAILURE!
org.openqa.selenium.WebDriverException: Unable to parse remote response: Misconfigured -- Sauce Labs Authentication Error.
You used username 'null' and access key 'null' to authenticate, which are not valid Sauce Labs credentials.
The following desired capabilities were received:
{'browserName': 'firefox',
 'name': 'verifyContactLinkTest',
 'platform': 'WIN10',
 'version': 'latest-1'}
Build info: version: '3.11.0', revision: 'e59cfb3', time: '2018-03-11T20:26:55.152Z'
System info: host: 'GC02RH2WYG8WPE', ip: '192.168.1.107', os.name: 'Mac OS X', os.arch: 'x86_64', os.version: '10.13.6', java.version: '13.0.2'
Driver info: driver.version: RemoteWebDriver
	at org.openqa.selenium.remote.ProtocolHandshake.createSession(ProtocolHandshake.java:111)
	at org.openqa.selenium.remote.ProtocolHandshake.createSession(ProtocolHandshake.java:73)
	at org.openqa.selenium.remote.HttpCommandExecutor.execute(HttpCommandExecutor.java:136)
	at org.openqa.selenium.remote.RemoteWebDriver.execute(RemoteWebDriver.java:545)
	at org.openqa.selenium.remote.RemoteWebDriver.startSession(RemoteWebDriver.java:209)
	at org.openqa.selenium.remote.RemoteWebDriver.<init>(RemoteWebDriver.java:132)
	at org.openqa.selenium.remote.RemoteWebDriver.<init>(RemoteWebDriver.java:145)
	at com.yourcompany.Tests.TestBase.createDriver(TestBase.java:116)
	at com.yourcompany.Tests.FollowLinkTest.verifyContactLinkTest(FollowLinkTest.java:29)

verifyPAOIEndpointTest(com.yourcompany.Tests.PAOIEndpointTest)  Time elapsed: 3.412 sec  <<< FAILURE!
org.openqa.selenium.WebDriverException: Unable to parse remote response: Misconfigured -- Sauce Labs Authentication Error.
You used username 'null' and access key 'null' to authenticate, which are not valid Sauce Labs credentials.
The following desired capabilities were received:
{'browserName': 'chrome',
 'name': 'verifyPAOIEndpointTest',
 'platform': 'macOS 10.15',
 'version': 'latest'}
Build info: version: '3.11.0', revision: 'e59cfb3', time: '2018-03-11T20:26:55.152Z'
System info: host: 'GC02RH2WYG8WPE', ip: '192.168.1.107', os.name: 'Mac OS X', os.arch: 'x86_64', os.version: '10.13.6', java.version: '13.0.2'
Driver info: driver.version: RemoteWebDriver
	at org.openqa.selenium.remote.ProtocolHandshake.createSession(ProtocolHandshake.java:111)
	at org.openqa.selenium.remote.ProtocolHandshake.createSession(ProtocolHandshake.java:73)
	at org.openqa.selenium.remote.HttpCommandExecutor.execute(HttpCommandExecutor.java:136)
	at org.openqa.selenium.remote.RemoteWebDriver.execute(RemoteWebDriver.java:545)
	at org.openqa.selenium.remote.RemoteWebDriver.startSession(RemoteWebDriver.java:209)
	at org.openqa.selenium.remote.RemoteWebDriver.<init>(RemoteWebDriver.java:132)
	at org.openqa.selenium.remote.RemoteWebDriver.<init>(RemoteWebDriver.java:145)
	at com.yourcompany.Tests.TestBase.createDriver(TestBase.java:116)
	at com.yourcompany.Tests.PAOIEndpointTest.verifyPAOIEndpointTest(PAOIEndpointTest.java:29)

verifyContactLinkTest(com.yourcompany.Tests.FollowLinkTest)  Time elapsed: 3.442 sec  <<< FAILURE!
org.openqa.selenium.WebDriverException: Unable to parse remote response: Misconfigured -- Sauce Labs Authentication Error.
You used username 'null' and access key 'null' to authenticate, which are not valid Sauce Labs credentials.
The following desired capabilities were received:
{'browserName': 'firefox',
 'name': 'verifyContactLinkTest',
 'platform': 'macOS 10.15',
 'version': 'latest'}
Build info: version: '3.11.0', revision: 'e59cfb3', time: '2018-03-11T20:26:55.152Z'
System info: host: 'GC02RH2WYG8WPE', ip: '192.168.1.107', os.name: 'Mac OS X', os.arch: 'x86_64', os.version: '10.13.6', java.version: '13.0.2'
Driver info: driver.version: RemoteWebDriver
	at org.openqa.selenium.remote.ProtocolHandshake.createSession(ProtocolHandshake.java:111)
	at org.openqa.selenium.remote.ProtocolHandshake.createSession(ProtocolHandshake.java:73)
	at org.openqa.selenium.remote.HttpCommandExecutor.execute(HttpCommandExecutor.java:136)
	at org.openqa.selenium.remote.RemoteWebDriver.execute(RemoteWebDriver.java:545)
	at org.openqa.selenium.remote.RemoteWebDriver.startSession(RemoteWebDriver.java:209)
	at org.openqa.selenium.remote.RemoteWebDriver.<init>(RemoteWebDriver.java:132)
	at org.openqa.selenium.remote.RemoteWebDriver.<init>(RemoteWebDriver.java:145)
	at com.yourcompany.Tests.TestBase.createDriver(TestBase.java:116)
	at com.yourcompany.Tests.FollowLinkTest.verifyContactLinkTest(FollowLinkTest.java:29)

verifyContactLinkTest(com.yourcompany.Tests.FollowLinkTest)  Time elapsed: 3.764 sec  <<< FAILURE!
org.openqa.selenium.WebDriverException: Unable to parse remote response: Misconfigured -- Sauce Labs Authentication Error.
You used username 'null' and access key 'null' to authenticate, which are not valid Sauce Labs credentials.
The following desired capabilities were received:
{'browserName': 'MicrosoftEdge',
 'name': 'verifyContactLinkTest',
 'platform': 'WIN10',
 'version': 'latest-1'}
Build info: version: '3.11.0', revision: 'e59cfb3', time: '2018-03-11T20:26:55.152Z'
System info: host: 'GC02RH2WYG8WPE', ip: '192.168.1.107', os.name: 'Mac OS X', os.arch: 'x86_64', os.version: '10.13.6', java.version: '13.0.2'
Driver info: driver.version: RemoteWebDriver
	at org.openqa.selenium.remote.ProtocolHandshake.createSession(ProtocolHandshake.java:111)
	at org.openqa.selenium.remote.ProtocolHandshake.createSession(ProtocolHandshake.java:73)
	at org.openqa.selenium.remote.HttpCommandExecutor.execute(HttpCommandExecutor.java:136)
	at org.openqa.selenium.remote.RemoteWebDriver.execute(RemoteWebDriver.java:545)
	at org.openqa.selenium.remote.RemoteWebDriver.startSession(RemoteWebDriver.java:209)
	at org.openqa.selenium.remote.RemoteWebDriver.<init>(RemoteWebDriver.java:132)
	at org.openqa.selenium.remote.RemoteWebDriver.<init>(RemoteWebDriver.java:145)
	at com.yourcompany.Tests.TestBase.createDriver(TestBase.java:116)
	at com.yourcompany.Tests.FollowLinkTest.verifyContactLinkTest(FollowLinkTest.java:29)

verifyPAOIEndpointTest(com.yourcompany.Tests.PAOIEndpointTest)  Time elapsed: 3.817 sec  <<< FAILURE!
org.openqa.selenium.WebDriverException: Unable to parse remote response: Misconfigured -- Sauce Labs Authentication Error.
You used username 'null' and access key 'null' to authenticate, which are not valid Sauce Labs credentials.
The following desired capabilities were received:
{'browserName': 'MicrosoftEdge',
 'name': 'verifyPAOIEndpointTest',
 'platform': 'WIN10',
 'version': 'latest'}
Build info: version: '3.11.0', revision: 'e59cfb3', time: '2018-03-11T20:26:55.152Z'
System info: host: 'GC02RH2WYG8WPE', ip: '192.168.1.107', os.name: 'Mac OS X', os.arch: 'x86_64', os.version: '10.13.6', java.version: '13.0.2'
Driver info: driver.version: RemoteWebDriver
	at org.openqa.selenium.remote.ProtocolHandshake.createSession(ProtocolHandshake.java:111)
	at org.openqa.selenium.remote.ProtocolHandshake.createSession(ProtocolHandshake.java:73)
	at org.openqa.selenium.remote.HttpCommandExecutor.execute(HttpCommandExecutor.java:136)
	at org.openqa.selenium.remote.RemoteWebDriver.execute(RemoteWebDriver.java:545)
	at org.openqa.selenium.remote.RemoteWebDriver.startSession(RemoteWebDriver.java:209)
	at org.openqa.selenium.remote.RemoteWebDriver.<init>(RemoteWebDriver.java:132)
	at org.openqa.selenium.remote.RemoteWebDriver.<init>(RemoteWebDriver.java:145)
	at com.yourcompany.Tests.TestBase.createDriver(TestBase.java:116)
	at com.yourcompany.Tests.PAOIEndpointTest.verifyPAOIEndpointTest(PAOIEndpointTest.java:29)

contactFormTest(com.yourcompany.Tests.ContactFormTest)  Time elapsed: 4.458 sec  <<< FAILURE!
org.openqa.selenium.WebDriverException: Unable to parse remote response: Misconfigured -- Sauce Labs Authentication Error.
You used username 'null' and access key 'null' to authenticate, which are not valid Sauce Labs credentials.
The following desired capabilities were received:
{'browserName': 'chrome',
 'name': 'contactFormTest',
 'platform': 'WIN10',
 'version': 'latest-1'}
Build info: version: '3.11.0', revision: 'e59cfb3', time: '2018-03-11T20:26:55.152Z'
System info: host: 'GC02RH2WYG8WPE', ip: '192.168.1.107', os.name: 'Mac OS X', os.arch: 'x86_64', os.version: '10.13.6', java.version: '13.0.2'
Driver info: driver.version: RemoteWebDriver
	at org.openqa.selenium.remote.ProtocolHandshake.createSession(ProtocolHandshake.java:111)
	at org.openqa.selenium.remote.ProtocolHandshake.createSession(ProtocolHandshake.java:73)
	at org.openqa.selenium.remote.HttpCommandExecutor.execute(HttpCommandExecutor.java:136)
	at org.openqa.selenium.remote.RemoteWebDriver.execute(RemoteWebDriver.java:545)
	at org.openqa.selenium.remote.RemoteWebDriver.startSession(RemoteWebDriver.java:209)
	at org.openqa.selenium.remote.RemoteWebDriver.<init>(RemoteWebDriver.java:132)
	at org.openqa.selenium.remote.RemoteWebDriver.<init>(RemoteWebDriver.java:145)
	at com.yourcompany.Tests.TestBase.createDriver(TestBase.java:116)
	at com.yourcompany.Tests.ContactFormTest.contactFormTest(ContactFormTest.java:28)

verifyPAOIEndpointTest(com.yourcompany.Tests.PAOIEndpointTest)  Time elapsed: 4.716 sec  <<< FAILURE!
org.openqa.selenium.WebDriverException: Unable to parse remote response: Misconfigured -- Sauce Labs Authentication Error.
You used username 'null' and access key 'null' to authenticate, which are not valid Sauce Labs credentials.
The following desired capabilities were received:
{'browserName': 'firefox',
 'name': 'verifyPAOIEndpointTest',
 'platform': 'WIN10',
 'version': 'latest-1'}
Build info: version: '3.11.0', revision: 'e59cfb3', time: '2018-03-11T20:26:55.152Z'
System info: host: 'GC02RH2WYG8WPE', ip: '192.168.1.107', os.name: 'Mac OS X', os.arch: 'x86_64', os.version: '10.13.6', java.version: '13.0.2'
Driver info: driver.version: RemoteWebDriver
	at org.openqa.selenium.remote.ProtocolHandshake.createSession(ProtocolHandshake.java:111)
	at org.openqa.selenium.remote.ProtocolHandshake.createSession(ProtocolHandshake.java:73)
	at org.openqa.selenium.remote.HttpCommandExecutor.execute(HttpCommandExecutor.java:136)
	at org.openqa.selenium.remote.RemoteWebDriver.execute(RemoteWebDriver.java:545)
	at org.openqa.selenium.remote.RemoteWebDriver.startSession(RemoteWebDriver.java:209)
	at org.openqa.selenium.remote.RemoteWebDriver.<init>(RemoteWebDriver.java:132)
	at org.openqa.selenium.remote.RemoteWebDriver.<init>(RemoteWebDriver.java:145)
	at com.yourcompany.Tests.TestBase.createDriver(TestBase.java:116)
	at com.yourcompany.Tests.PAOIEndpointTest.verifyPAOIEndpointTest(PAOIEndpointTest.java:29)

verifyPAOIEndpointTest(com.yourcompany.Tests.PAOIEndpointTest)  Time elapsed: 6.281 sec  <<< FAILURE!
org.openqa.selenium.WebDriverException: Unable to parse remote response: Misconfigured -- Sauce Labs Authentication Error.
You used username 'null' and access key 'null' to authenticate, which are not valid Sauce Labs credentials.
The following desired capabilities were received:
{'browserName': 'chrome',
 'name': 'verifyPAOIEndpointTest',
 'platform': 'WIN10',
 'version': 'latest'}
Build info: version: '3.11.0', revision: 'e59cfb3', time: '2018-03-11T20:26:55.152Z'
System info: host: 'GC02RH2WYG8WPE', ip: '192.168.1.107', os.name: 'Mac OS X', os.arch: 'x86_64', os.version: '10.13.6', java.version: '13.0.2'
Driver info: driver.version: RemoteWebDriver
	at org.openqa.selenium.remote.ProtocolHandshake.createSession(ProtocolHandshake.java:111)
	at org.openqa.selenium.remote.ProtocolHandshake.createSession(ProtocolHandshake.java:73)
	at org.openqa.selenium.remote.HttpCommandExecutor.execute(HttpCommandExecutor.java:136)
	at org.openqa.selenium.remote.RemoteWebDriver.execute(RemoteWebDriver.java:545)
	at org.openqa.selenium.remote.RemoteWebDriver.startSession(RemoteWebDriver.java:209)
	at org.openqa.selenium.remote.RemoteWebDriver.<init>(RemoteWebDriver.java:132)
	at org.openqa.selenium.remote.RemoteWebDriver.<init>(RemoteWebDriver.java:145)
	at com.yourcompany.Tests.TestBase.createDriver(TestBase.java:116)
	at com.yourcompany.Tests.PAOIEndpointTest.verifyPAOIEndpointTest(PAOIEndpointTest.java:29)

